Base directory for project: /mnt/d/Projects/DevOpsCookBook/DevOpsCookbook
Checking directory: AutomationAndConfigurationManagement
Looking for Dockerfile at: /mnt/d/Projects/DevOpsCookBook/DevOpsCookbook/AutomationAndConfigurationManagement/Dockerfile
No Dockerfile found in the AutomationAndConfigurationManagement directory.
Checking directory: DockerSetup
Looking for Dockerfile at: /mnt/d/Projects/DevOpsCookBook/DevOpsCookbook/DockerSetup/Dockerfile
No Dockerfile found in the DockerSetup directory.
Checking directory: LinuxFundamentals
Looking for Dockerfile at: /mnt/d/Projects/DevOpsCookBook/DevOpsCookbook/LinuxFundamentals/Dockerfile
Building Docker image: devopscookbook-linuxfundamentals from /mnt/d/Projects/DevOpsCookBook/DevOpsCookbook/LinuxFundamentals/Dockerfile...
Current working directory: /mnt/d/Projects/DevOpsCookBook/DevOpsCookbook
Successfully built Docker image: devopscookbook-linuxfundamentals.
Dockerfile is located in the LinuxFundamentals folder.
Container 'devopscookbook-linuxfundamentals-container' already exists. Starting the existing container...
devopscookbook-linuxfundamentals-container
Started existing container: devopscookbook-linuxfundamentals-container.
Checking directory: MonitoringAndPerformance
Looking for Dockerfile at: /mnt/d/Projects/DevOpsCookBook/DevOpsCookbook/MonitoringAndPerformance/Dockerfile
No Dockerfile found in the MonitoringAndPerformance directory.
Checking directory: Networking
Looking for Dockerfile at: /mnt/d/Projects/DevOpsCookBook/DevOpsCookbook/Networking/Dockerfile
No Dockerfile found in the Networking directory.
Checking directory: SystemAdministration
Looking for Dockerfile at: /mnt/d/Projects/DevOpsCookBook/DevOpsCookbook/SystemAdministration/Dockerfile
No Dockerfile found in the SystemAdministration directory.
Checking directory: logs
Looking for Dockerfile at: /mnt/d/Projects/DevOpsCookBook/DevOpsCookbook/logs/Dockerfile
No Dockerfile found in the logs directory.
Listing all running Docker containers:
CONTAINER ID   IMAGE                              COMMAND                  CREATED          STATUS          PORTS                 NAMES
085479c436e7   devopscookbook-linuxfundamentals   "bash /scripts/run_a…"   10 minutes ago   Up 10 minutes                         devopscookbook-linuxfundamentals-container
74a0ecffeb91   python:3.8-slim                    "tail -f /dev/null"      22 minutes ago   Up 22 minutes                         python-3.8-slim-container
c325b5aeb7f6   redis                              "docker-entrypoint.s…"   22 minutes ago   Up 22 minutes   6379/tcp              redis-container
086455ad9734   mysql:latest                       "docker-entrypoint.s…"   22 minutes ago   Up 22 minutes   3306/tcp, 33060/tcp   mysql-latest-container
3f023c9113b7   nginx                              "/docker-entrypoint.…"   22 minutes ago   Up 22 minutes   80/tcp                nginx-container
08ad4090773c   alpine:latest                      "tail -f /dev/null"      22 minutes ago   Up 22 minutes                         alpine-latest-container
