Requirement already satisfied: pytest in /usr/local/lib/python3.10/dist-packages (8.3.3)
Requirement already satisfied: docker in /usr/local/lib/python3.10/dist-packages (7.1.0)
Requirement already satisfied: pluggy<2,>=1.5 in /usr/local/lib/python3.10/dist-packages (from pytest) (1.5.0)
Requirement already satisfied: packaging in /usr/local/lib/python3.10/dist-packages (from pytest) (24.1)
Requirement already satisfied: tomli>=1 in /usr/local/lib/python3.10/dist-packages (from pytest) (2.0.2)
Requirement already satisfied: exceptiongroup>=1.0.0rc8 in /usr/local/lib/python3.10/dist-packages (from pytest) (1.2.2)
Requirement already satisfied: iniconfig in /usr/local/lib/python3.10/dist-packages (from pytest) (2.0.0)
Requirement already satisfied: urllib3>=1.26.0 in /usr/local/lib/python3.10/dist-packages (from docker) (2.2.2)
Requirement already satisfied: requests>=2.26.0 in /usr/local/lib/python3.10/dist-packages (from docker) (2.32.3)
Requirement already satisfied: charset-normalizer<4,>=2 in /usr/local/lib/python3.10/dist-packages (from requests>=2.26.0->docker) (3.3.2)
Requirement already satisfied: idna<4,>=2.5 in /usr/local/lib/python3.10/dist-packages (from requests>=2.26.0->docker) (3.7)
Requirement already satisfied: certifi>=2017.4.17 in /usr/local/lib/python3.10/dist-packages (from requests>=2.26.0->docker) (2024.7.4)
Defaulting to user installation because normal site-packages is not writeable
Requirement already satisfied: pytest in /home/vladimir/.local/lib/python3.10/site-packages (8.3.3)
Requirement already satisfied: docker in /usr/local/lib/python3.10/dist-packages (7.1.0)
Requirement already satisfied: iniconfig in /home/vladimir/.local/lib/python3.10/site-packages (from pytest) (2.0.0)
Requirement already satisfied: pluggy<2,>=1.5 in /home/vladimir/.local/lib/python3.10/site-packages (from pytest) (1.5.0)
Requirement already satisfied: packaging in /usr/local/lib/python3.10/dist-packages (from pytest) (24.1)
Requirement already satisfied: tomli>=1 in /home/vladimir/.local/lib/python3.10/site-packages (from pytest) (2.0.1)
Requirement already satisfied: exceptiongroup>=1.0.0rc8 in /home/vladimir/.local/lib/python3.10/site-packages (from pytest) (1.2.2)
Requirement already satisfied: urllib3>=1.26.0 in /usr/local/lib/python3.10/dist-packages (from docker) (2.2.2)
Requirement already satisfied: requests>=2.26.0 in /usr/local/lib/python3.10/dist-packages (from docker) (2.32.3)
Requirement already satisfied: charset-normalizer<4,>=2 in /usr/local/lib/python3.10/dist-packages (from requests>=2.26.0->docker) (3.3.2)
Requirement already satisfied: idna<4,>=2.5 in /usr/local/lib/python3.10/dist-packages (from requests>=2.26.0->docker) (3.7)
Requirement already satisfied: certifi>=2017.4.17 in /usr/local/lib/python3.10/dist-packages (from requests>=2.26.0->docker) (2024.7.4)
Defaulting to user installation because normal site-packages is not writeable
Requirement already satisfied: pytest in /home/vladimir/.local/lib/python3.10/site-packages (8.3.3)
Requirement already satisfied: docker in /usr/local/lib/python3.10/dist-packages (7.1.0)
Requirement already satisfied: tomli>=1 in /home/vladimir/.local/lib/python3.10/site-packages (from pytest) (2.0.1)
Requirement already satisfied: pluggy<2,>=1.5 in /home/vladimir/.local/lib/python3.10/site-packages (from pytest) (1.5.0)
Requirement already satisfied: iniconfig in /home/vladimir/.local/lib/python3.10/site-packages (from pytest) (2.0.0)
Requirement already satisfied: packaging in /usr/local/lib/python3.10/dist-packages (from pytest) (24.1)
Requirement already satisfied: exceptiongroup>=1.0.0rc8 in /home/vladimir/.local/lib/python3.10/site-packages (from pytest) (1.2.2)
Requirement already satisfied: urllib3>=1.26.0 in /usr/local/lib/python3.10/dist-packages (from docker) (2.2.2)
Requirement already satisfied: requests>=2.26.0 in /usr/local/lib/python3.10/dist-packages (from docker) (2.32.3)
Requirement already satisfied: idna<4,>=2.5 in /usr/local/lib/python3.10/dist-packages (from requests>=2.26.0->docker) (3.7)
Requirement already satisfied: certifi>=2017.4.17 in /usr/local/lib/python3.10/dist-packages (from requests>=2.26.0->docker) (2024.7.4)
Requirement already satisfied: charset-normalizer<4,>=2 in /usr/local/lib/python3.10/dist-packages (from requests>=2.26.0->docker) (3.3.2)
Defaulting to user installation because normal site-packages is not writeable
Requirement already satisfied: pytest in /home/vladimir/.local/lib/python3.10/site-packages (8.3.3)
Requirement already satisfied: docker in /usr/local/lib/python3.10/dist-packages (7.1.0)
Collecting tabulate
  Downloading tabulate-0.9.0-py3-none-any.whl (35 kB)
Requirement already satisfied: exceptiongroup>=1.0.0rc8 in /home/vladimir/.local/lib/python3.10/site-packages (from pytest) (1.2.2)
Requirement already satisfied: iniconfig in /home/vladimir/.local/lib/python3.10/site-packages (from pytest) (2.0.0)
Requirement already satisfied: pluggy<2,>=1.5 in /home/vladimir/.local/lib/python3.10/site-packages (from pytest) (1.5.0)
Requirement already satisfied: tomli>=1 in /home/vladimir/.local/lib/python3.10/site-packages (from pytest) (2.0.1)
Requirement already satisfied: packaging in /usr/local/lib/python3.10/dist-packages (from pytest) (24.1)
Requirement already satisfied: requests>=2.26.0 in /usr/local/lib/python3.10/dist-packages (from docker) (2.32.3)
Requirement already satisfied: urllib3>=1.26.0 in /usr/local/lib/python3.10/dist-packages (from docker) (2.2.2)
Requirement already satisfied: charset-normalizer<4,>=2 in /usr/local/lib/python3.10/dist-packages (from requests>=2.26.0->docker) (3.3.2)
Requirement already satisfied: idna<4,>=2.5 in /usr/local/lib/python3.10/dist-packages (from requests>=2.26.0->docker) (3.7)
Requirement already satisfied: certifi>=2017.4.17 in /usr/local/lib/python3.10/dist-packages (from requests>=2.26.0->docker) (2024.7.4)
Installing collected packages: tabulate
Successfully installed tabulate-0.9.0
Requirement already satisfied: pytest in /usr/local/lib/python3.10/dist-packages (8.3.3)
Requirement already satisfied: docker in /usr/local/lib/python3.10/dist-packages (7.1.0)
Collecting tabulate
  Downloading tabulate-0.9.0-py3-none-any.whl (35 kB)
Requirement already satisfied: tomli>=1 in /usr/local/lib/python3.10/dist-packages (from pytest) (2.0.2)
Requirement already satisfied: exceptiongroup>=1.0.0rc8 in /usr/local/lib/python3.10/dist-packages (from pytest) (1.2.2)
Requirement already satisfied: pluggy<2,>=1.5 in /usr/local/lib/python3.10/dist-packages (from pytest) (1.5.0)
Requirement already satisfied: packaging in /usr/local/lib/python3.10/dist-packages (from pytest) (24.1)
Requirement already satisfied: iniconfig in /usr/local/lib/python3.10/dist-packages (from pytest) (2.0.0)
Requirement already satisfied: requests>=2.26.0 in /usr/local/lib/python3.10/dist-packages (from docker) (2.32.3)
Requirement already satisfied: urllib3>=1.26.0 in /usr/local/lib/python3.10/dist-packages (from docker) (2.2.2)
Requirement already satisfied: certifi>=2017.4.17 in /usr/local/lib/python3.10/dist-packages (from requests>=2.26.0->docker) (2024.7.4)
Requirement already satisfied: idna<4,>=2.5 in /usr/local/lib/python3.10/dist-packages (from requests>=2.26.0->docker) (3.7)
Requirement already satisfied: charset-normalizer<4,>=2 in /usr/local/lib/python3.10/dist-packages (from requests>=2.26.0->docker) (3.3.2)
Installing collected packages: tabulate
Successfully installed tabulate-0.9.0
Requirement already satisfied: pytest in /usr/local/lib/python3.10/dist-packages (8.3.3)
Requirement already satisfied: docker in /usr/local/lib/python3.10/dist-packages (7.1.0)
Requirement already satisfied: tabulate in /usr/local/lib/python3.10/dist-packages (0.9.0)
Requirement already satisfied: tomli>=1 in /usr/local/lib/python3.10/dist-packages (from pytest) (2.0.2)
Requirement already satisfied: exceptiongroup>=1.0.0rc8 in /usr/local/lib/python3.10/dist-packages (from pytest) (1.2.2)
Requirement already satisfied: pluggy<2,>=1.5 in /usr/local/lib/python3.10/dist-packages (from pytest) (1.5.0)
Requirement already satisfied: packaging in /usr/local/lib/python3.10/dist-packages (from pytest) (24.1)
Requirement already satisfied: iniconfig in /usr/local/lib/python3.10/dist-packages (from pytest) (2.0.0)
Requirement already satisfied: urllib3>=1.26.0 in /usr/local/lib/python3.10/dist-packages (from docker) (2.2.2)
Requirement already satisfied: requests>=2.26.0 in /usr/local/lib/python3.10/dist-packages (from docker) (2.32.3)
Requirement already satisfied: charset-normalizer<4,>=2 in /usr/local/lib/python3.10/dist-packages (from requests>=2.26.0->docker) (3.3.2)
Requirement already satisfied: certifi>=2017.4.17 in /usr/local/lib/python3.10/dist-packages (from requests>=2.26.0->docker) (2024.7.4)
Requirement already satisfied: idna<4,>=2.5 in /usr/local/lib/python3.10/dist-packages (from requests>=2.26.0->docker) (3.7)
Requirement already satisfied: pytest in /usr/local/lib/python3.10/dist-packages (8.3.3)
Requirement already satisfied: docker in /usr/local/lib/python3.10/dist-packages (7.1.0)
Requirement already satisfied: tabulate in /usr/local/lib/python3.10/dist-packages (0.9.0)
Requirement already satisfied: tomli>=1 in /usr/local/lib/python3.10/dist-packages (from pytest) (2.0.2)
Requirement already satisfied: iniconfig in /usr/local/lib/python3.10/dist-packages (from pytest) (2.0.0)
Requirement already satisfied: exceptiongroup>=1.0.0rc8 in /usr/local/lib/python3.10/dist-packages (from pytest) (1.2.2)
Requirement already satisfied: pluggy<2,>=1.5 in /usr/local/lib/python3.10/dist-packages (from pytest) (1.5.0)
Requirement already satisfied: packaging in /usr/local/lib/python3.10/dist-packages (from pytest) (24.1)
Requirement already satisfied: requests>=2.26.0 in /usr/local/lib/python3.10/dist-packages (from docker) (2.32.3)
Requirement already satisfied: urllib3>=1.26.0 in /usr/local/lib/python3.10/dist-packages (from docker) (2.2.2)
Requirement already satisfied: certifi>=2017.4.17 in /usr/local/lib/python3.10/dist-packages (from requests>=2.26.0->docker) (2024.7.4)
Requirement already satisfied: charset-normalizer<4,>=2 in /usr/local/lib/python3.10/dist-packages (from requests>=2.26.0->docker) (3.3.2)
Requirement already satisfied: idna<4,>=2.5 in /usr/local/lib/python3.10/dist-packages (from requests>=2.26.0->docker) (3.7)
Requirement already satisfied: pytest in /usr/local/lib/python3.10/dist-packages (8.3.3)
Requirement already satisfied: docker in /usr/local/lib/python3.10/dist-packages (7.1.0)
Requirement already satisfied: tabulate in /usr/local/lib/python3.10/dist-packages (0.9.0)
Requirement already satisfied: packaging in /usr/local/lib/python3.10/dist-packages (from pytest) (24.1)
Requirement already satisfied: tomli>=1 in /usr/local/lib/python3.10/dist-packages (from pytest) (2.0.2)
Requirement already satisfied: iniconfig in /usr/local/lib/python3.10/dist-packages (from pytest) (2.0.0)
Requirement already satisfied: pluggy<2,>=1.5 in /usr/local/lib/python3.10/dist-packages (from pytest) (1.5.0)
Requirement already satisfied: exceptiongroup>=1.0.0rc8 in /usr/local/lib/python3.10/dist-packages (from pytest) (1.2.2)
Requirement already satisfied: requests>=2.26.0 in /usr/local/lib/python3.10/dist-packages (from docker) (2.32.3)
Requirement already satisfied: urllib3>=1.26.0 in /usr/local/lib/python3.10/dist-packages (from docker) (2.2.2)
Requirement already satisfied: idna<4,>=2.5 in /usr/local/lib/python3.10/dist-packages (from requests>=2.26.0->docker) (3.7)
Requirement already satisfied: charset-normalizer<4,>=2 in /usr/local/lib/python3.10/dist-packages (from requests>=2.26.0->docker) (3.3.2)
Requirement already satisfied: certifi>=2017.4.17 in /usr/local/lib/python3.10/dist-packages (from requests>=2.26.0->docker) (2024.7.4)
Requirement already satisfied: pytest in /usr/local/lib/python3.10/dist-packages (8.3.3)
Requirement already satisfied: docker in /usr/local/lib/python3.10/dist-packages (7.1.0)
Requirement already satisfied: tabulate in /usr/local/lib/python3.10/dist-packages (0.9.0)
Requirement already satisfied: packaging in /usr/local/lib/python3.10/dist-packages (from pytest) (24.1)
Requirement already satisfied: pluggy<2,>=1.5 in /usr/local/lib/python3.10/dist-packages (from pytest) (1.5.0)
Requirement already satisfied: tomli>=1 in /usr/local/lib/python3.10/dist-packages (from pytest) (2.0.2)
Requirement already satisfied: iniconfig in /usr/local/lib/python3.10/dist-packages (from pytest) (2.0.0)
Requirement already satisfied: exceptiongroup>=1.0.0rc8 in /usr/local/lib/python3.10/dist-packages (from pytest) (1.2.2)
Requirement already satisfied: requests>=2.26.0 in /usr/local/lib/python3.10/dist-packages (from docker) (2.32.3)
Requirement already satisfied: urllib3>=1.26.0 in /usr/local/lib/python3.10/dist-packages (from docker) (2.2.2)
Requirement already satisfied: idna<4,>=2.5 in /usr/local/lib/python3.10/dist-packages (from requests>=2.26.0->docker) (3.7)
Requirement already satisfied: charset-normalizer<4,>=2 in /usr/local/lib/python3.10/dist-packages (from requests>=2.26.0->docker) (3.3.2)
Requirement already satisfied: certifi>=2017.4.17 in /usr/local/lib/python3.10/dist-packages (from requests>=2.26.0->docker) (2024.7.4)
Requirement already satisfied: pytest in /usr/local/lib/python3.10/dist-packages (8.3.3)
Requirement already satisfied: docker in /usr/local/lib/python3.10/dist-packages (7.1.0)
Requirement already satisfied: tabulate in /usr/local/lib/python3.10/dist-packages (0.9.0)
Requirement already satisfied: pluggy<2,>=1.5 in /usr/local/lib/python3.10/dist-packages (from pytest) (1.5.0)
Requirement already satisfied: iniconfig in /usr/local/lib/python3.10/dist-packages (from pytest) (2.0.0)
Requirement already satisfied: tomli>=1 in /usr/local/lib/python3.10/dist-packages (from pytest) (2.0.2)
Requirement already satisfied: exceptiongroup>=1.0.0rc8 in /usr/local/lib/python3.10/dist-packages (from pytest) (1.2.2)
Requirement already satisfied: packaging in /usr/local/lib/python3.10/dist-packages (from pytest) (24.1)
Requirement already satisfied: requests>=2.26.0 in /usr/local/lib/python3.10/dist-packages (from docker) (2.32.3)
Requirement already satisfied: urllib3>=1.26.0 in /usr/local/lib/python3.10/dist-packages (from docker) (2.2.2)
Requirement already satisfied: certifi>=2017.4.17 in /usr/local/lib/python3.10/dist-packages (from requests>=2.26.0->docker) (2024.7.4)
Requirement already satisfied: idna<4,>=2.5 in /usr/local/lib/python3.10/dist-packages (from requests>=2.26.0->docker) (3.7)
Requirement already satisfied: charset-normalizer<4,>=2 in /usr/local/lib/python3.10/dist-packages (from requests>=2.26.0->docker) (3.3.2)
Requirement already satisfied: pytest in /usr/local/lib/python3.10/dist-packages (8.3.3)
Requirement already satisfied: docker in /usr/local/lib/python3.10/dist-packages (7.1.0)
Requirement already satisfied: tabulate in /usr/local/lib/python3.10/dist-packages (0.9.0)
Requirement already satisfied: packaging in /usr/local/lib/python3.10/dist-packages (from pytest) (24.1)
Requirement already satisfied: iniconfig in /usr/local/lib/python3.10/dist-packages (from pytest) (2.0.0)
Requirement already satisfied: tomli>=1 in /usr/local/lib/python3.10/dist-packages (from pytest) (2.0.2)
Requirement already satisfied: pluggy<2,>=1.5 in /usr/local/lib/python3.10/dist-packages (from pytest) (1.5.0)
Requirement already satisfied: exceptiongroup>=1.0.0rc8 in /usr/local/lib/python3.10/dist-packages (from pytest) (1.2.2)
Requirement already satisfied: urllib3>=1.26.0 in /usr/local/lib/python3.10/dist-packages (from docker) (2.2.2)
Requirement already satisfied: requests>=2.26.0 in /usr/local/lib/python3.10/dist-packages (from docker) (2.32.3)
Requirement already satisfied: charset-normalizer<4,>=2 in /usr/local/lib/python3.10/dist-packages (from requests>=2.26.0->docker) (3.3.2)
Requirement already satisfied: certifi>=2017.4.17 in /usr/local/lib/python3.10/dist-packages (from requests>=2.26.0->docker) (2024.7.4)
Requirement already satisfied: idna<4,>=2.5 in /usr/local/lib/python3.10/dist-packages (from requests>=2.26.0->docker) (3.7)
Requirement already satisfied: pytest in /usr/local/lib/python3.10/dist-packages (8.3.3)
Requirement already satisfied: docker in /usr/local/lib/python3.10/dist-packages (7.1.0)
Requirement already satisfied: tabulate in /usr/local/lib/python3.10/dist-packages (0.9.0)
Requirement already satisfied: packaging in /usr/local/lib/python3.10/dist-packages (from pytest) (24.1)
Requirement already satisfied: exceptiongroup>=1.0.0rc8 in /usr/local/lib/python3.10/dist-packages (from pytest) (1.2.2)
Requirement already satisfied: tomli>=1 in /usr/local/lib/python3.10/dist-packages (from pytest) (2.0.2)
Requirement already satisfied: iniconfig in /usr/local/lib/python3.10/dist-packages (from pytest) (2.0.0)
Requirement already satisfied: pluggy<2,>=1.5 in /usr/local/lib/python3.10/dist-packages (from pytest) (1.5.0)
Requirement already satisfied: urllib3>=1.26.0 in /usr/local/lib/python3.10/dist-packages (from docker) (2.2.2)
Requirement already satisfied: requests>=2.26.0 in /usr/local/lib/python3.10/dist-packages (from docker) (2.32.3)
Requirement already satisfied: idna<4,>=2.5 in /usr/local/lib/python3.10/dist-packages (from requests>=2.26.0->docker) (3.7)
Requirement already satisfied: charset-normalizer<4,>=2 in /usr/local/lib/python3.10/dist-packages (from requests>=2.26.0->docker) (3.3.2)
Requirement already satisfied: certifi>=2017.4.17 in /usr/local/lib/python3.10/dist-packages (from requests>=2.26.0->docker) (2024.7.4)
Requirement already satisfied: pytest in /usr/local/lib/python3.10/dist-packages (8.3.3)
Requirement already satisfied: docker in /usr/local/lib/python3.10/dist-packages (7.1.0)
Requirement already satisfied: tabulate in /usr/local/lib/python3.10/dist-packages (0.9.0)
Requirement already satisfied: exceptiongroup>=1.0.0rc8 in /usr/local/lib/python3.10/dist-packages (from pytest) (1.2.2)
Requirement already satisfied: tomli>=1 in /usr/local/lib/python3.10/dist-packages (from pytest) (2.0.2)
Requirement already satisfied: pluggy<2,>=1.5 in /usr/local/lib/python3.10/dist-packages (from pytest) (1.5.0)
Requirement already satisfied: packaging in /usr/local/lib/python3.10/dist-packages (from pytest) (24.1)
Requirement already satisfied: iniconfig in /usr/local/lib/python3.10/dist-packages (from pytest) (2.0.0)
Requirement already satisfied: requests>=2.26.0 in /usr/local/lib/python3.10/dist-packages (from docker) (2.32.3)
Requirement already satisfied: urllib3>=1.26.0 in /usr/local/lib/python3.10/dist-packages (from docker) (2.2.2)
Requirement already satisfied: charset-normalizer<4,>=2 in /usr/local/lib/python3.10/dist-packages (from requests>=2.26.0->docker) (3.3.2)
Requirement already satisfied: certifi>=2017.4.17 in /usr/local/lib/python3.10/dist-packages (from requests>=2.26.0->docker) (2024.7.4)
Requirement already satisfied: idna<4,>=2.5 in /usr/local/lib/python3.10/dist-packages (from requests>=2.26.0->docker) (3.7)
Requirement already satisfied: pytest in /usr/local/lib/python3.10/dist-packages (8.3.3)
Requirement already satisfied: docker in /usr/local/lib/python3.10/dist-packages (7.1.0)
Requirement already satisfied: tabulate in /usr/local/lib/python3.10/dist-packages (0.9.0)
Requirement already satisfied: pluggy<2,>=1.5 in /usr/local/lib/python3.10/dist-packages (from pytest) (1.5.0)
Requirement already satisfied: packaging in /usr/local/lib/python3.10/dist-packages (from pytest) (24.1)
Requirement already satisfied: iniconfig in /usr/local/lib/python3.10/dist-packages (from pytest) (2.0.0)
Requirement already satisfied: exceptiongroup>=1.0.0rc8 in /usr/local/lib/python3.10/dist-packages (from pytest) (1.2.2)
Requirement already satisfied: tomli>=1 in /usr/local/lib/python3.10/dist-packages (from pytest) (2.0.2)
Requirement already satisfied: urllib3>=1.26.0 in /usr/local/lib/python3.10/dist-packages (from docker) (2.2.2)
Requirement already satisfied: requests>=2.26.0 in /usr/local/lib/python3.10/dist-packages (from docker) (2.32.3)
Requirement already satisfied: idna<4,>=2.5 in /usr/local/lib/python3.10/dist-packages (from requests>=2.26.0->docker) (3.7)
Requirement already satisfied: certifi>=2017.4.17 in /usr/local/lib/python3.10/dist-packages (from requests>=2.26.0->docker) (2024.7.4)
Requirement already satisfied: charset-normalizer<4,>=2 in /usr/local/lib/python3.10/dist-packages (from requests>=2.26.0->docker) (3.3.2)
Requirement already satisfied: pytest in /usr/local/lib/python3.10/dist-packages (8.3.3)
Requirement already satisfied: docker in /usr/local/lib/python3.10/dist-packages (7.1.0)
Requirement already satisfied: tabulate in /usr/local/lib/python3.10/dist-packages (0.9.0)
Requirement already satisfied: iniconfig in /usr/local/lib/python3.10/dist-packages (from pytest) (2.0.0)
Requirement already satisfied: packaging in /usr/local/lib/python3.10/dist-packages (from pytest) (24.1)
Requirement already satisfied: exceptiongroup>=1.0.0rc8 in /usr/local/lib/python3.10/dist-packages (from pytest) (1.2.2)
Requirement already satisfied: tomli>=1 in /usr/local/lib/python3.10/dist-packages (from pytest) (2.0.2)
Requirement already satisfied: pluggy<2,>=1.5 in /usr/local/lib/python3.10/dist-packages (from pytest) (1.5.0)
Requirement already satisfied: urllib3>=1.26.0 in /usr/local/lib/python3.10/dist-packages (from docker) (2.2.2)
Requirement already satisfied: requests>=2.26.0 in /usr/local/lib/python3.10/dist-packages (from docker) (2.32.3)
Requirement already satisfied: charset-normalizer<4,>=2 in /usr/local/lib/python3.10/dist-packages (from requests>=2.26.0->docker) (3.3.2)
Requirement already satisfied: idna<4,>=2.5 in /usr/local/lib/python3.10/dist-packages (from requests>=2.26.0->docker) (3.7)
Requirement already satisfied: certifi>=2017.4.17 in /usr/local/lib/python3.10/dist-packages (from requests>=2.26.0->docker) (2024.7.4)
Requirement already satisfied: pytest in /usr/local/lib/python3.10/dist-packages (8.3.3)
Requirement already satisfied: docker in /usr/local/lib/python3.10/dist-packages (7.1.0)
Requirement already satisfied: tabulate in /usr/local/lib/python3.10/dist-packages (0.9.0)
Requirement already satisfied: packaging in /usr/local/lib/python3.10/dist-packages (from pytest) (24.1)
Requirement already satisfied: pluggy<2,>=1.5 in /usr/local/lib/python3.10/dist-packages (from pytest) (1.5.0)
Requirement already satisfied: exceptiongroup>=1.0.0rc8 in /usr/local/lib/python3.10/dist-packages (from pytest) (1.2.2)
Requirement already satisfied: tomli>=1 in /usr/local/lib/python3.10/dist-packages (from pytest) (2.0.2)
Requirement already satisfied: iniconfig in /usr/local/lib/python3.10/dist-packages (from pytest) (2.0.0)
Requirement already satisfied: requests>=2.26.0 in /usr/local/lib/python3.10/dist-packages (from docker) (2.32.3)
Requirement already satisfied: urllib3>=1.26.0 in /usr/local/lib/python3.10/dist-packages (from docker) (2.2.2)
Requirement already satisfied: charset-normalizer<4,>=2 in /usr/local/lib/python3.10/dist-packages (from requests>=2.26.0->docker) (3.3.2)
Requirement already satisfied: idna<4,>=2.5 in /usr/local/lib/python3.10/dist-packages (from requests>=2.26.0->docker) (3.7)
Requirement already satisfied: certifi>=2017.4.17 in /usr/local/lib/python3.10/dist-packages (from requests>=2.26.0->docker) (2024.7.4)
Requirement already satisfied: pytest in /usr/local/lib/python3.10/dist-packages (8.3.3)
Requirement already satisfied: docker in /usr/local/lib/python3.10/dist-packages (7.1.0)
Requirement already satisfied: tabulate in /usr/local/lib/python3.10/dist-packages (0.9.0)
Requirement already satisfied: packaging in /usr/local/lib/python3.10/dist-packages (from pytest) (24.1)
Requirement already satisfied: tomli>=1 in /usr/local/lib/python3.10/dist-packages (from pytest) (2.0.2)
Requirement already satisfied: iniconfig in /usr/local/lib/python3.10/dist-packages (from pytest) (2.0.0)
Requirement already satisfied: exceptiongroup>=1.0.0rc8 in /usr/local/lib/python3.10/dist-packages (from pytest) (1.2.2)
Requirement already satisfied: pluggy<2,>=1.5 in /usr/local/lib/python3.10/dist-packages (from pytest) (1.5.0)
Requirement already satisfied: requests>=2.26.0 in /usr/local/lib/python3.10/dist-packages (from docker) (2.32.3)
Requirement already satisfied: urllib3>=1.26.0 in /usr/local/lib/python3.10/dist-packages (from docker) (2.2.2)
Requirement already satisfied: charset-normalizer<4,>=2 in /usr/local/lib/python3.10/dist-packages (from requests>=2.26.0->docker) (3.3.2)
Requirement already satisfied: certifi>=2017.4.17 in /usr/local/lib/python3.10/dist-packages (from requests>=2.26.0->docker) (2024.7.4)
Requirement already satisfied: idna<4,>=2.5 in /usr/local/lib/python3.10/dist-packages (from requests>=2.26.0->docker) (3.7)
Requirement already satisfied: pytest in /usr/local/lib/python3.10/dist-packages (8.3.3)
Requirement already satisfied: docker in /usr/local/lib/python3.10/dist-packages (7.1.0)
Requirement already satisfied: tabulate in /usr/local/lib/python3.10/dist-packages (0.9.0)
Requirement already satisfied: exceptiongroup>=1.0.0rc8 in /usr/local/lib/python3.10/dist-packages (from pytest) (1.2.2)
Requirement already satisfied: tomli>=1 in /usr/local/lib/python3.10/dist-packages (from pytest) (2.0.2)
Requirement already satisfied: pluggy<2,>=1.5 in /usr/local/lib/python3.10/dist-packages (from pytest) (1.5.0)
Requirement already satisfied: iniconfig in /usr/local/lib/python3.10/dist-packages (from pytest) (2.0.0)
Requirement already satisfied: packaging in /usr/local/lib/python3.10/dist-packages (from pytest) (24.1)
Requirement already satisfied: requests>=2.26.0 in /usr/local/lib/python3.10/dist-packages (from docker) (2.32.3)
Requirement already satisfied: urllib3>=1.26.0 in /usr/local/lib/python3.10/dist-packages (from docker) (2.2.2)
Requirement already satisfied: charset-normalizer<4,>=2 in /usr/local/lib/python3.10/dist-packages (from requests>=2.26.0->docker) (3.3.2)
Requirement already satisfied: idna<4,>=2.5 in /usr/local/lib/python3.10/dist-packages (from requests>=2.26.0->docker) (3.7)
Requirement already satisfied: certifi>=2017.4.17 in /usr/local/lib/python3.10/dist-packages (from requests>=2.26.0->docker) (2024.7.4)
Requirement already satisfied: pytest in /usr/local/lib/python3.10/dist-packages (8.3.3)
Requirement already satisfied: docker in /usr/local/lib/python3.10/dist-packages (7.1.0)
Requirement already satisfied: tabulate in /usr/local/lib/python3.10/dist-packages (0.9.0)
Requirement already satisfied: pluggy<2,>=1.5 in /usr/local/lib/python3.10/dist-packages (from pytest) (1.5.0)
Requirement already satisfied: packaging in /usr/local/lib/python3.10/dist-packages (from pytest) (24.1)
Requirement already satisfied: iniconfig in /usr/local/lib/python3.10/dist-packages (from pytest) (2.0.0)
Requirement already satisfied: tomli>=1 in /usr/local/lib/python3.10/dist-packages (from pytest) (2.0.2)
Requirement already satisfied: exceptiongroup>=1.0.0rc8 in /usr/local/lib/python3.10/dist-packages (from pytest) (1.2.2)
Requirement already satisfied: urllib3>=1.26.0 in /usr/local/lib/python3.10/dist-packages (from docker) (2.2.2)
Requirement already satisfied: requests>=2.26.0 in /usr/local/lib/python3.10/dist-packages (from docker) (2.32.3)
Requirement already satisfied: idna<4,>=2.5 in /usr/local/lib/python3.10/dist-packages (from requests>=2.26.0->docker) (3.7)
Requirement already satisfied: charset-normalizer<4,>=2 in /usr/local/lib/python3.10/dist-packages (from requests>=2.26.0->docker) (3.3.2)
Requirement already satisfied: certifi>=2017.4.17 in /usr/local/lib/python3.10/dist-packages (from requests>=2.26.0->docker) (2024.7.4)
Requirement already satisfied: pytest in /usr/local/lib/python3.10/dist-packages (8.3.3)
Requirement already satisfied: docker in /usr/local/lib/python3.10/dist-packages (7.1.0)
Requirement already satisfied: tabulate in /usr/local/lib/python3.10/dist-packages (0.9.0)
Requirement already satisfied: iniconfig in /usr/local/lib/python3.10/dist-packages (from pytest) (2.0.0)
Requirement already satisfied: tomli>=1 in /usr/local/lib/python3.10/dist-packages (from pytest) (2.0.2)
Requirement already satisfied: pluggy<2,>=1.5 in /usr/local/lib/python3.10/dist-packages (from pytest) (1.5.0)
Requirement already satisfied: packaging in /usr/local/lib/python3.10/dist-packages (from pytest) (24.1)
Requirement already satisfied: exceptiongroup>=1.0.0rc8 in /usr/local/lib/python3.10/dist-packages (from pytest) (1.2.2)
Requirement already satisfied: requests>=2.26.0 in /usr/local/lib/python3.10/dist-packages (from docker) (2.32.3)
Requirement already satisfied: urllib3>=1.26.0 in /usr/local/lib/python3.10/dist-packages (from docker) (2.2.2)
Requirement already satisfied: charset-normalizer<4,>=2 in /usr/local/lib/python3.10/dist-packages (from requests>=2.26.0->docker) (3.3.2)
Requirement already satisfied: idna<4,>=2.5 in /usr/local/lib/python3.10/dist-packages (from requests>=2.26.0->docker) (3.7)
Requirement already satisfied: certifi>=2017.4.17 in /usr/local/lib/python3.10/dist-packages (from requests>=2.26.0->docker) (2024.7.4)
Requirement already satisfied: pytest in /usr/local/lib/python3.10/dist-packages (8.3.3)
Requirement already satisfied: docker in /usr/local/lib/python3.10/dist-packages (7.1.0)
Requirement already satisfied: tabulate in /usr/local/lib/python3.10/dist-packages (0.9.0)
Requirement already satisfied: tomli>=1 in /usr/local/lib/python3.10/dist-packages (from pytest) (2.0.2)
Requirement already satisfied: pluggy<2,>=1.5 in /usr/local/lib/python3.10/dist-packages (from pytest) (1.5.0)
Requirement already satisfied: iniconfig in /usr/local/lib/python3.10/dist-packages (from pytest) (2.0.0)
Requirement already satisfied: exceptiongroup>=1.0.0rc8 in /usr/local/lib/python3.10/dist-packages (from pytest) (1.2.2)
Requirement already satisfied: packaging in /usr/local/lib/python3.10/dist-packages (from pytest) (24.1)
Requirement already satisfied: urllib3>=1.26.0 in /usr/local/lib/python3.10/dist-packages (from docker) (2.2.2)
Requirement already satisfied: requests>=2.26.0 in /usr/local/lib/python3.10/dist-packages (from docker) (2.32.3)
Requirement already satisfied: certifi>=2017.4.17 in /usr/local/lib/python3.10/dist-packages (from requests>=2.26.0->docker) (2024.7.4)
Requirement already satisfied: idna<4,>=2.5 in /usr/local/lib/python3.10/dist-packages (from requests>=2.26.0->docker) (3.7)
Requirement already satisfied: charset-normalizer<4,>=2 in /usr/local/lib/python3.10/dist-packages (from requests>=2.26.0->docker) (3.3.2)
Requirement already satisfied: pytest in /usr/local/lib/python3.10/dist-packages (8.3.3)
Requirement already satisfied: docker in /usr/local/lib/python3.10/dist-packages (7.1.0)
Requirement already satisfied: tabulate in /usr/local/lib/python3.10/dist-packages (0.9.0)
Requirement already satisfied: pluggy<2,>=1.5 in /usr/local/lib/python3.10/dist-packages (from pytest) (1.5.0)
Requirement already satisfied: exceptiongroup>=1.0.0rc8 in /usr/local/lib/python3.10/dist-packages (from pytest) (1.2.2)
Requirement already satisfied: iniconfig in /usr/local/lib/python3.10/dist-packages (from pytest) (2.0.0)
Requirement already satisfied: packaging in /usr/local/lib/python3.10/dist-packages (from pytest) (24.1)
Requirement already satisfied: tomli>=1 in /usr/local/lib/python3.10/dist-packages (from pytest) (2.0.2)
Requirement already satisfied: requests>=2.26.0 in /usr/local/lib/python3.10/dist-packages (from docker) (2.32.3)
Requirement already satisfied: urllib3>=1.26.0 in /usr/local/lib/python3.10/dist-packages (from docker) (2.2.2)
Requirement already satisfied: certifi>=2017.4.17 in /usr/local/lib/python3.10/dist-packages (from requests>=2.26.0->docker) (2024.7.4)
Requirement already satisfied: charset-normalizer<4,>=2 in /usr/local/lib/python3.10/dist-packages (from requests>=2.26.0->docker) (3.3.2)
Requirement already satisfied: idna<4,>=2.5 in /usr/local/lib/python3.10/dist-packages (from requests>=2.26.0->docker) (3.7)
Requirement already satisfied: pytest in /usr/local/lib/python3.10/dist-packages (8.3.3)
Requirement already satisfied: docker in /usr/local/lib/python3.10/dist-packages (7.1.0)
Requirement already satisfied: tabulate in /usr/local/lib/python3.10/dist-packages (0.9.0)
Requirement already satisfied: packaging in /usr/local/lib/python3.10/dist-packages (from pytest) (24.1)
Requirement already satisfied: iniconfig in /usr/local/lib/python3.10/dist-packages (from pytest) (2.0.0)
Requirement already satisfied: pluggy<2,>=1.5 in /usr/local/lib/python3.10/dist-packages (from pytest) (1.5.0)
Requirement already satisfied: tomli>=1 in /usr/local/lib/python3.10/dist-packages (from pytest) (2.0.2)
Requirement already satisfied: exceptiongroup>=1.0.0rc8 in /usr/local/lib/python3.10/dist-packages (from pytest) (1.2.2)
Requirement already satisfied: urllib3>=1.26.0 in /usr/local/lib/python3.10/dist-packages (from docker) (2.2.2)
Requirement already satisfied: requests>=2.26.0 in /usr/local/lib/python3.10/dist-packages (from docker) (2.32.3)
Requirement already satisfied: charset-normalizer<4,>=2 in /usr/local/lib/python3.10/dist-packages (from requests>=2.26.0->docker) (3.3.2)
Requirement already satisfied: idna<4,>=2.5 in /usr/local/lib/python3.10/dist-packages (from requests>=2.26.0->docker) (3.7)
Requirement already satisfied: certifi>=2017.4.17 in /usr/local/lib/python3.10/dist-packages (from requests>=2.26.0->docker) (2024.7.4)
Requirement already satisfied: pytest in /usr/local/lib/python3.10/dist-packages (8.3.3)
Requirement already satisfied: docker in /usr/local/lib/python3.10/dist-packages (7.1.0)
Requirement already satisfied: tabulate in /usr/local/lib/python3.10/dist-packages (0.9.0)
Requirement already satisfied: packaging in /usr/local/lib/python3.10/dist-packages (from pytest) (24.1)
Requirement already satisfied: tomli>=1 in /usr/local/lib/python3.10/dist-packages (from pytest) (2.0.2)
Requirement already satisfied: iniconfig in /usr/local/lib/python3.10/dist-packages (from pytest) (2.0.0)
Requirement already satisfied: pluggy<2,>=1.5 in /usr/local/lib/python3.10/dist-packages (from pytest) (1.5.0)
Requirement already satisfied: exceptiongroup>=1.0.0rc8 in /usr/local/lib/python3.10/dist-packages (from pytest) (1.2.2)
Requirement already satisfied: requests>=2.26.0 in /usr/local/lib/python3.10/dist-packages (from docker) (2.32.3)
Requirement already satisfied: urllib3>=1.26.0 in /usr/local/lib/python3.10/dist-packages (from docker) (2.2.2)
Requirement already satisfied: certifi>=2017.4.17 in /usr/local/lib/python3.10/dist-packages (from requests>=2.26.0->docker) (2024.7.4)
Requirement already satisfied: idna<4,>=2.5 in /usr/local/lib/python3.10/dist-packages (from requests>=2.26.0->docker) (3.7)
Requirement already satisfied: charset-normalizer<4,>=2 in /usr/local/lib/python3.10/dist-packages (from requests>=2.26.0->docker) (3.3.2)
Requirement already satisfied: pytest in /usr/local/lib/python3.10/dist-packages (8.3.3)
Requirement already satisfied: docker in /usr/local/lib/python3.10/dist-packages (7.1.0)
Requirement already satisfied: tabulate in /usr/local/lib/python3.10/dist-packages (0.9.0)
Requirement already satisfied: iniconfig in /usr/local/lib/python3.10/dist-packages (from pytest) (2.0.0)
Requirement already satisfied: pluggy<2,>=1.5 in /usr/local/lib/python3.10/dist-packages (from pytest) (1.5.0)
Requirement already satisfied: packaging in /usr/local/lib/python3.10/dist-packages (from pytest) (24.1)
Requirement already satisfied: tomli>=1 in /usr/local/lib/python3.10/dist-packages (from pytest) (2.0.2)
Requirement already satisfied: exceptiongroup>=1.0.0rc8 in /usr/local/lib/python3.10/dist-packages (from pytest) (1.2.2)
Requirement already satisfied: requests>=2.26.0 in /usr/local/lib/python3.10/dist-packages (from docker) (2.32.3)
Requirement already satisfied: urllib3>=1.26.0 in /usr/local/lib/python3.10/dist-packages (from docker) (2.2.2)
Requirement already satisfied: charset-normalizer<4,>=2 in /usr/local/lib/python3.10/dist-packages (from requests>=2.26.0->docker) (3.3.2)
Requirement already satisfied: idna<4,>=2.5 in /usr/local/lib/python3.10/dist-packages (from requests>=2.26.0->docker) (3.7)
Requirement already satisfied: certifi>=2017.4.17 in /usr/local/lib/python3.10/dist-packages (from requests>=2.26.0->docker) (2024.7.4)
Requirement already satisfied: pytest in /usr/local/lib/python3.10/dist-packages (8.3.3)
Requirement already satisfied: docker in /usr/local/lib/python3.10/dist-packages (7.1.0)
Requirement already satisfied: tabulate in /usr/local/lib/python3.10/dist-packages (0.9.0)
Requirement already satisfied: pluggy<2,>=1.5 in /usr/local/lib/python3.10/dist-packages (from pytest) (1.5.0)
Requirement already satisfied: iniconfig in /usr/local/lib/python3.10/dist-packages (from pytest) (2.0.0)
Requirement already satisfied: exceptiongroup>=1.0.0rc8 in /usr/local/lib/python3.10/dist-packages (from pytest) (1.2.2)
Requirement already satisfied: tomli>=1 in /usr/local/lib/python3.10/dist-packages (from pytest) (2.0.2)
Requirement already satisfied: packaging in /usr/local/lib/python3.10/dist-packages (from pytest) (24.1)
Requirement already satisfied: urllib3>=1.26.0 in /usr/local/lib/python3.10/dist-packages (from docker) (2.2.2)
Requirement already satisfied: requests>=2.26.0 in /usr/local/lib/python3.10/dist-packages (from docker) (2.32.3)
Requirement already satisfied: idna<4,>=2.5 in /usr/local/lib/python3.10/dist-packages (from requests>=2.26.0->docker) (3.7)
Requirement already satisfied: certifi>=2017.4.17 in /usr/local/lib/python3.10/dist-packages (from requests>=2.26.0->docker) (2024.7.4)
Requirement already satisfied: charset-normalizer<4,>=2 in /usr/local/lib/python3.10/dist-packages (from requests>=2.26.0->docker) (3.3.2)
Requirement already satisfied: pytest in /usr/local/lib/python3.10/dist-packages (8.3.3)
Requirement already satisfied: docker in /usr/local/lib/python3.10/dist-packages (7.1.0)
Requirement already satisfied: tabulate in /usr/local/lib/python3.10/dist-packages (0.9.0)
Requirement already satisfied: iniconfig in /usr/local/lib/python3.10/dist-packages (from pytest) (2.0.0)
Requirement already satisfied: tomli>=1 in /usr/local/lib/python3.10/dist-packages (from pytest) (2.0.2)
Requirement already satisfied: pluggy<2,>=1.5 in /usr/local/lib/python3.10/dist-packages (from pytest) (1.5.0)
Requirement already satisfied: exceptiongroup>=1.0.0rc8 in /usr/local/lib/python3.10/dist-packages (from pytest) (1.2.2)
Requirement already satisfied: packaging in /usr/local/lib/python3.10/dist-packages (from pytest) (24.1)
Requirement already satisfied: requests>=2.26.0 in /usr/local/lib/python3.10/dist-packages (from docker) (2.32.3)
Requirement already satisfied: urllib3>=1.26.0 in /usr/local/lib/python3.10/dist-packages (from docker) (2.2.2)
Requirement already satisfied: idna<4,>=2.5 in /usr/local/lib/python3.10/dist-packages (from requests>=2.26.0->docker) (3.7)
Requirement already satisfied: charset-normalizer<4,>=2 in /usr/local/lib/python3.10/dist-packages (from requests>=2.26.0->docker) (3.3.2)
Requirement already satisfied: certifi>=2017.4.17 in /usr/local/lib/python3.10/dist-packages (from requests>=2.26.0->docker) (2024.7.4)
Requirement already satisfied: pytest in /usr/local/lib/python3.10/dist-packages (8.3.3)
Requirement already satisfied: docker in /usr/local/lib/python3.10/dist-packages (7.1.0)
Requirement already satisfied: tabulate in /usr/local/lib/python3.10/dist-packages (0.9.0)
Requirement already satisfied: pluggy<2,>=1.5 in /usr/local/lib/python3.10/dist-packages (from pytest) (1.5.0)
Requirement already satisfied: tomli>=1 in /usr/local/lib/python3.10/dist-packages (from pytest) (2.0.2)
Requirement already satisfied: iniconfig in /usr/local/lib/python3.10/dist-packages (from pytest) (2.0.0)
Requirement already satisfied: packaging in /usr/local/lib/python3.10/dist-packages (from pytest) (24.1)
Requirement already satisfied: exceptiongroup>=1.0.0rc8 in /usr/local/lib/python3.10/dist-packages (from pytest) (1.2.2)
Requirement already satisfied: requests>=2.26.0 in /usr/local/lib/python3.10/dist-packages (from docker) (2.32.3)
Requirement already satisfied: urllib3>=1.26.0 in /usr/local/lib/python3.10/dist-packages (from docker) (2.2.2)
Requirement already satisfied: idna<4,>=2.5 in /usr/local/lib/python3.10/dist-packages (from requests>=2.26.0->docker) (3.7)
Requirement already satisfied: certifi>=2017.4.17 in /usr/local/lib/python3.10/dist-packages (from requests>=2.26.0->docker) (2024.7.4)
Requirement already satisfied: charset-normalizer<4,>=2 in /usr/local/lib/python3.10/dist-packages (from requests>=2.26.0->docker) (3.3.2)
Requirement already satisfied: pytest in /usr/local/lib/python3.10/dist-packages (8.3.3)
Requirement already satisfied: docker in /usr/local/lib/python3.10/dist-packages (7.1.0)
Requirement already satisfied: tabulate in /usr/local/lib/python3.10/dist-packages (0.9.0)
Requirement already satisfied: pluggy<2,>=1.5 in /usr/local/lib/python3.10/dist-packages (from pytest) (1.5.0)
Requirement already satisfied: packaging in /usr/local/lib/python3.10/dist-packages (from pytest) (24.1)
Requirement already satisfied: tomli>=1 in /usr/local/lib/python3.10/dist-packages (from pytest) (2.0.2)
Requirement already satisfied: iniconfig in /usr/local/lib/python3.10/dist-packages (from pytest) (2.0.0)
Requirement already satisfied: exceptiongroup>=1.0.0rc8 in /usr/local/lib/python3.10/dist-packages (from pytest) (1.2.2)
Requirement already satisfied: requests>=2.26.0 in /usr/local/lib/python3.10/dist-packages (from docker) (2.32.3)
Requirement already satisfied: urllib3>=1.26.0 in /usr/local/lib/python3.10/dist-packages (from docker) (2.2.2)
Requirement already satisfied: certifi>=2017.4.17 in /usr/local/lib/python3.10/dist-packages (from requests>=2.26.0->docker) (2024.7.4)
Requirement already satisfied: idna<4,>=2.5 in /usr/local/lib/python3.10/dist-packages (from requests>=2.26.0->docker) (3.7)
Requirement already satisfied: charset-normalizer<4,>=2 in /usr/local/lib/python3.10/dist-packages (from requests>=2.26.0->docker) (3.3.2)
Requirement already satisfied: pytest in /usr/local/lib/python3.10/dist-packages (8.3.3)
Requirement already satisfied: docker in /usr/local/lib/python3.10/dist-packages (7.1.0)
Requirement already satisfied: tabulate in /usr/local/lib/python3.10/dist-packages (0.9.0)
Requirement already satisfied: iniconfig in /usr/local/lib/python3.10/dist-packages (from pytest) (2.0.0)
Requirement already satisfied: packaging in /usr/local/lib/python3.10/dist-packages (from pytest) (24.1)
Requirement already satisfied: tomli>=1 in /usr/local/lib/python3.10/dist-packages (from pytest) (2.0.2)
Requirement already satisfied: pluggy<2,>=1.5 in /usr/local/lib/python3.10/dist-packages (from pytest) (1.5.0)
Requirement already satisfied: exceptiongroup>=1.0.0rc8 in /usr/local/lib/python3.10/dist-packages (from pytest) (1.2.2)
Requirement already satisfied: urllib3>=1.26.0 in /usr/local/lib/python3.10/dist-packages (from docker) (2.2.2)
Requirement already satisfied: requests>=2.26.0 in /usr/local/lib/python3.10/dist-packages (from docker) (2.32.3)
Requirement already satisfied: certifi>=2017.4.17 in /usr/local/lib/python3.10/dist-packages (from requests>=2.26.0->docker) (2024.7.4)
Requirement already satisfied: charset-normalizer<4,>=2 in /usr/local/lib/python3.10/dist-packages (from requests>=2.26.0->docker) (3.3.2)
Requirement already satisfied: idna<4,>=2.5 in /usr/local/lib/python3.10/dist-packages (from requests>=2.26.0->docker) (3.7)
Requirement already satisfied: pytest in /usr/local/lib/python3.10/dist-packages (8.3.3)
Requirement already satisfied: docker in /usr/local/lib/python3.10/dist-packages (7.1.0)
Requirement already satisfied: tabulate in /usr/local/lib/python3.10/dist-packages (0.9.0)
Requirement already satisfied: pluggy<2,>=1.5 in /usr/local/lib/python3.10/dist-packages (from pytest) (1.5.0)
Requirement already satisfied: tomli>=1 in /usr/local/lib/python3.10/dist-packages (from pytest) (2.0.2)
Requirement already satisfied: exceptiongroup>=1.0.0rc8 in /usr/local/lib/python3.10/dist-packages (from pytest) (1.2.2)
Requirement already satisfied: packaging in /usr/local/lib/python3.10/dist-packages (from pytest) (24.1)
Requirement already satisfied: iniconfig in /usr/local/lib/python3.10/dist-packages (from pytest) (2.0.0)
Requirement already satisfied: urllib3>=1.26.0 in /usr/local/lib/python3.10/dist-packages (from docker) (2.2.2)
Requirement already satisfied: requests>=2.26.0 in /usr/local/lib/python3.10/dist-packages (from docker) (2.32.3)
Requirement already satisfied: charset-normalizer<4,>=2 in /usr/local/lib/python3.10/dist-packages (from requests>=2.26.0->docker) (3.3.2)
Requirement already satisfied: certifi>=2017.4.17 in /usr/local/lib/python3.10/dist-packages (from requests>=2.26.0->docker) (2024.7.4)
Requirement already satisfied: idna<4,>=2.5 in /usr/local/lib/python3.10/dist-packages (from requests>=2.26.0->docker) (3.7)
Requirement already satisfied: pytest in /usr/local/lib/python3.10/dist-packages (8.3.3)
Requirement already satisfied: docker in /usr/local/lib/python3.10/dist-packages (7.1.0)
Requirement already satisfied: tabulate in /usr/local/lib/python3.10/dist-packages (0.9.0)
Requirement already satisfied: pluggy<2,>=1.5 in /usr/local/lib/python3.10/dist-packages (from pytest) (1.5.0)
Requirement already satisfied: exceptiongroup>=1.0.0rc8 in /usr/local/lib/python3.10/dist-packages (from pytest) (1.2.2)
Requirement already satisfied: packaging in /usr/local/lib/python3.10/dist-packages (from pytest) (24.1)
Requirement already satisfied: iniconfig in /usr/local/lib/python3.10/dist-packages (from pytest) (2.0.0)
Requirement already satisfied: tomli>=1 in /usr/local/lib/python3.10/dist-packages (from pytest) (2.0.2)
Requirement already satisfied: requests>=2.26.0 in /usr/local/lib/python3.10/dist-packages (from docker) (2.32.3)
Requirement already satisfied: urllib3>=1.26.0 in /usr/local/lib/python3.10/dist-packages (from docker) (2.2.2)
Requirement already satisfied: certifi>=2017.4.17 in /usr/local/lib/python3.10/dist-packages (from requests>=2.26.0->docker) (2024.7.4)
Requirement already satisfied: idna<4,>=2.5 in /usr/local/lib/python3.10/dist-packages (from requests>=2.26.0->docker) (3.7)
Requirement already satisfied: charset-normalizer<4,>=2 in /usr/local/lib/python3.10/dist-packages (from requests>=2.26.0->docker) (3.3.2)
Requirement already satisfied: pytest in /usr/local/lib/python3.10/dist-packages (8.3.3)
Requirement already satisfied: docker in /usr/local/lib/python3.10/dist-packages (7.1.0)
Requirement already satisfied: tabulate in /usr/local/lib/python3.10/dist-packages (0.9.0)
Requirement already satisfied: iniconfig in /usr/local/lib/python3.10/dist-packages (from pytest) (2.0.0)
Requirement already satisfied: packaging in /usr/local/lib/python3.10/dist-packages (from pytest) (24.1)
Requirement already satisfied: pluggy<2,>=1.5 in /usr/local/lib/python3.10/dist-packages (from pytest) (1.5.0)
Requirement already satisfied: exceptiongroup>=1.0.0rc8 in /usr/local/lib/python3.10/dist-packages (from pytest) (1.2.2)
Requirement already satisfied: tomli>=1 in /usr/local/lib/python3.10/dist-packages (from pytest) (2.0.2)
Requirement already satisfied: requests>=2.26.0 in /usr/local/lib/python3.10/dist-packages (from docker) (2.32.3)
Requirement already satisfied: urllib3>=1.26.0 in /usr/local/lib/python3.10/dist-packages (from docker) (2.2.2)
Requirement already satisfied: idna<4,>=2.5 in /usr/local/lib/python3.10/dist-packages (from requests>=2.26.0->docker) (3.7)
Requirement already satisfied: certifi>=2017.4.17 in /usr/local/lib/python3.10/dist-packages (from requests>=2.26.0->docker) (2024.7.4)
Requirement already satisfied: charset-normalizer<4,>=2 in /usr/local/lib/python3.10/dist-packages (from requests>=2.26.0->docker) (3.3.2)
Requirement already satisfied: pytest in /usr/local/lib/python3.10/dist-packages (8.3.3)
Requirement already satisfied: docker in /usr/local/lib/python3.10/dist-packages (7.1.0)
Requirement already satisfied: tabulate in /usr/local/lib/python3.10/dist-packages (0.9.0)
Requirement already satisfied: tomli>=1 in /usr/local/lib/python3.10/dist-packages (from pytest) (2.0.2)
Requirement already satisfied: iniconfig in /usr/local/lib/python3.10/dist-packages (from pytest) (2.0.0)
Requirement already satisfied: exceptiongroup>=1.0.0rc8 in /usr/local/lib/python3.10/dist-packages (from pytest) (1.2.2)
Requirement already satisfied: pluggy<2,>=1.5 in /usr/local/lib/python3.10/dist-packages (from pytest) (1.5.0)
Requirement already satisfied: packaging in /usr/local/lib/python3.10/dist-packages (from pytest) (24.1)
Requirement already satisfied: urllib3>=1.26.0 in /usr/local/lib/python3.10/dist-packages (from docker) (2.2.2)
Requirement already satisfied: requests>=2.26.0 in /usr/local/lib/python3.10/dist-packages (from docker) (2.32.3)
Requirement already satisfied: idna<4,>=2.5 in /usr/local/lib/python3.10/dist-packages (from requests>=2.26.0->docker) (3.7)
Requirement already satisfied: certifi>=2017.4.17 in /usr/local/lib/python3.10/dist-packages (from requests>=2.26.0->docker) (2024.7.4)
Requirement already satisfied: charset-normalizer<4,>=2 in /usr/local/lib/python3.10/dist-packages (from requests>=2.26.0->docker) (3.3.2)
Requirement already satisfied: pytest in /usr/local/lib/python3.10/dist-packages (8.3.3)
Requirement already satisfied: docker in /usr/local/lib/python3.10/dist-packages (7.1.0)
Requirement already satisfied: tabulate in /usr/local/lib/python3.10/dist-packages (0.9.0)
Requirement already satisfied: tomli>=1 in /usr/local/lib/python3.10/dist-packages (from pytest) (2.0.2)
Requirement already satisfied: exceptiongroup>=1.0.0rc8 in /usr/local/lib/python3.10/dist-packages (from pytest) (1.2.2)
Requirement already satisfied: iniconfig in /usr/local/lib/python3.10/dist-packages (from pytest) (2.0.0)
Requirement already satisfied: pluggy<2,>=1.5 in /usr/local/lib/python3.10/dist-packages (from pytest) (1.5.0)
Requirement already satisfied: packaging in /usr/local/lib/python3.10/dist-packages (from pytest) (24.1)
Requirement already satisfied: requests>=2.26.0 in /usr/local/lib/python3.10/dist-packages (from docker) (2.32.3)
Requirement already satisfied: urllib3>=1.26.0 in /usr/local/lib/python3.10/dist-packages (from docker) (2.2.2)
Requirement already satisfied: charset-normalizer<4,>=2 in /usr/local/lib/python3.10/dist-packages (from requests>=2.26.0->docker) (3.3.2)
Requirement already satisfied: certifi>=2017.4.17 in /usr/local/lib/python3.10/dist-packages (from requests>=2.26.0->docker) (2024.7.4)
Requirement already satisfied: idna<4,>=2.5 in /usr/local/lib/python3.10/dist-packages (from requests>=2.26.0->docker) (3.7)
Requirement already satisfied: pytest in /usr/local/lib/python3.10/dist-packages (8.3.3)
Requirement already satisfied: docker in /usr/local/lib/python3.10/dist-packages (7.1.0)
Requirement already satisfied: tabulate in /usr/local/lib/python3.10/dist-packages (0.9.0)
Requirement already satisfied: packaging in /usr/local/lib/python3.10/dist-packages (from pytest) (24.1)
Requirement already satisfied: iniconfig in /usr/local/lib/python3.10/dist-packages (from pytest) (2.0.0)
Requirement already satisfied: exceptiongroup>=1.0.0rc8 in /usr/local/lib/python3.10/dist-packages (from pytest) (1.2.2)
Requirement already satisfied: tomli>=1 in /usr/local/lib/python3.10/dist-packages (from pytest) (2.0.2)
Requirement already satisfied: pluggy<2,>=1.5 in /usr/local/lib/python3.10/dist-packages (from pytest) (1.5.0)
Requirement already satisfied: urllib3>=1.26.0 in /usr/local/lib/python3.10/dist-packages (from docker) (2.2.2)
Requirement already satisfied: requests>=2.26.0 in /usr/local/lib/python3.10/dist-packages (from docker) (2.32.3)
Requirement already satisfied: certifi>=2017.4.17 in /usr/local/lib/python3.10/dist-packages (from requests>=2.26.0->docker) (2024.7.4)
Requirement already satisfied: idna<4,>=2.5 in /usr/local/lib/python3.10/dist-packages (from requests>=2.26.0->docker) (3.7)
Requirement already satisfied: charset-normalizer<4,>=2 in /usr/local/lib/python3.10/dist-packages (from requests>=2.26.0->docker) (3.3.2)
Requirement already satisfied: pytest in /usr/local/lib/python3.10/dist-packages (8.3.3)
Requirement already satisfied: docker in /usr/local/lib/python3.10/dist-packages (7.1.0)
Requirement already satisfied: tabulate in /usr/local/lib/python3.10/dist-packages (0.9.0)
Requirement already satisfied: exceptiongroup>=1.0.0rc8 in /usr/local/lib/python3.10/dist-packages (from pytest) (1.2.2)
Requirement already satisfied: tomli>=1 in /usr/local/lib/python3.10/dist-packages (from pytest) (2.0.2)
Requirement already satisfied: iniconfig in /usr/local/lib/python3.10/dist-packages (from pytest) (2.0.0)
Requirement already satisfied: pluggy<2,>=1.5 in /usr/local/lib/python3.10/dist-packages (from pytest) (1.5.0)
Requirement already satisfied: packaging in /usr/local/lib/python3.10/dist-packages (from pytest) (24.1)
Requirement already satisfied: urllib3>=1.26.0 in /usr/local/lib/python3.10/dist-packages (from docker) (2.2.2)
Requirement already satisfied: requests>=2.26.0 in /usr/local/lib/python3.10/dist-packages (from docker) (2.32.3)
Requirement already satisfied: certifi>=2017.4.17 in /usr/local/lib/python3.10/dist-packages (from requests>=2.26.0->docker) (2024.7.4)
Requirement already satisfied: charset-normalizer<4,>=2 in /usr/local/lib/python3.10/dist-packages (from requests>=2.26.0->docker) (3.3.2)
Requirement already satisfied: idna<4,>=2.5 in /usr/local/lib/python3.10/dist-packages (from requests>=2.26.0->docker) (3.7)
Requirement already satisfied: pytest in /usr/local/lib/python3.10/dist-packages (8.3.3)
Requirement already satisfied: docker in /usr/local/lib/python3.10/dist-packages (7.1.0)
Requirement already satisfied: tabulate in /usr/local/lib/python3.10/dist-packages (0.9.0)
Requirement already satisfied: packaging in /usr/local/lib/python3.10/dist-packages (from pytest) (24.1)
Requirement already satisfied: tomli>=1 in /usr/local/lib/python3.10/dist-packages (from pytest) (2.0.2)
Requirement already satisfied: iniconfig in /usr/local/lib/python3.10/dist-packages (from pytest) (2.0.0)
Requirement already satisfied: exceptiongroup>=1.0.0rc8 in /usr/local/lib/python3.10/dist-packages (from pytest) (1.2.2)
Requirement already satisfied: pluggy<2,>=1.5 in /usr/local/lib/python3.10/dist-packages (from pytest) (1.5.0)
Requirement already satisfied: urllib3>=1.26.0 in /usr/local/lib/python3.10/dist-packages (from docker) (2.2.2)
Requirement already satisfied: requests>=2.26.0 in /usr/local/lib/python3.10/dist-packages (from docker) (2.32.3)
Requirement already satisfied: certifi>=2017.4.17 in /usr/local/lib/python3.10/dist-packages (from requests>=2.26.0->docker) (2024.7.4)
Requirement already satisfied: idna<4,>=2.5 in /usr/local/lib/python3.10/dist-packages (from requests>=2.26.0->docker) (3.7)
Requirement already satisfied: charset-normalizer<4,>=2 in /usr/local/lib/python3.10/dist-packages (from requests>=2.26.0->docker) (3.3.2)
Requirement already satisfied: pytest in /usr/local/lib/python3.10/dist-packages (8.3.3)
Requirement already satisfied: docker in /usr/local/lib/python3.10/dist-packages (7.1.0)
Requirement already satisfied: tabulate in /usr/local/lib/python3.10/dist-packages (0.9.0)
Requirement already satisfied: pluggy<2,>=1.5 in /usr/local/lib/python3.10/dist-packages (from pytest) (1.5.0)
Requirement already satisfied: iniconfig in /usr/local/lib/python3.10/dist-packages (from pytest) (2.0.0)
Requirement already satisfied: packaging in /usr/local/lib/python3.10/dist-packages (from pytest) (24.1)
Requirement already satisfied: tomli>=1 in /usr/local/lib/python3.10/dist-packages (from pytest) (2.0.2)
Requirement already satisfied: exceptiongroup>=1.0.0rc8 in /usr/local/lib/python3.10/dist-packages (from pytest) (1.2.2)
Requirement already satisfied: urllib3>=1.26.0 in /usr/local/lib/python3.10/dist-packages (from docker) (2.2.2)
Requirement already satisfied: requests>=2.26.0 in /usr/local/lib/python3.10/dist-packages (from docker) (2.32.3)
Requirement already satisfied: charset-normalizer<4,>=2 in /usr/local/lib/python3.10/dist-packages (from requests>=2.26.0->docker) (3.3.2)
Requirement already satisfied: certifi>=2017.4.17 in /usr/local/lib/python3.10/dist-packages (from requests>=2.26.0->docker) (2024.7.4)
Requirement already satisfied: idna<4,>=2.5 in /usr/local/lib/python3.10/dist-packages (from requests>=2.26.0->docker) (3.7)
Requirement already satisfied: pytest in /usr/local/lib/python3.10/dist-packages (8.3.3)
Requirement already satisfied: docker in /usr/local/lib/python3.10/dist-packages (7.1.0)
Requirement already satisfied: tabulate in /usr/local/lib/python3.10/dist-packages (0.9.0)
Requirement already satisfied: exceptiongroup>=1.0.0rc8 in /usr/local/lib/python3.10/dist-packages (from pytest) (1.2.2)
Requirement already satisfied: iniconfig in /usr/local/lib/python3.10/dist-packages (from pytest) (2.0.0)
Requirement already satisfied: tomli>=1 in /usr/local/lib/python3.10/dist-packages (from pytest) (2.0.2)
Requirement already satisfied: pluggy<2,>=1.5 in /usr/local/lib/python3.10/dist-packages (from pytest) (1.5.0)
Requirement already satisfied: packaging in /usr/local/lib/python3.10/dist-packages (from pytest) (24.1)
Requirement already satisfied: requests>=2.26.0 in /usr/local/lib/python3.10/dist-packages (from docker) (2.32.3)
Requirement already satisfied: urllib3>=1.26.0 in /usr/local/lib/python3.10/dist-packages (from docker) (2.2.2)
Requirement already satisfied: idna<4,>=2.5 in /usr/local/lib/python3.10/dist-packages (from requests>=2.26.0->docker) (3.7)
Requirement already satisfied: charset-normalizer<4,>=2 in /usr/local/lib/python3.10/dist-packages (from requests>=2.26.0->docker) (3.3.2)
Requirement already satisfied: certifi>=2017.4.17 in /usr/local/lib/python3.10/dist-packages (from requests>=2.26.0->docker) (2024.7.4)
Requirement already satisfied: pytest in /usr/local/lib/python3.10/dist-packages (8.3.3)
Requirement already satisfied: docker in /usr/local/lib/python3.10/dist-packages (7.1.0)
Requirement already satisfied: tabulate in /usr/local/lib/python3.10/dist-packages (0.9.0)
Requirement already satisfied: packaging in /usr/local/lib/python3.10/dist-packages (from pytest) (24.1)
Requirement already satisfied: iniconfig in /usr/local/lib/python3.10/dist-packages (from pytest) (2.0.0)
Requirement already satisfied: tomli>=1 in /usr/local/lib/python3.10/dist-packages (from pytest) (2.0.2)
Requirement already satisfied: exceptiongroup>=1.0.0rc8 in /usr/local/lib/python3.10/dist-packages (from pytest) (1.2.2)
Requirement already satisfied: pluggy<2,>=1.5 in /usr/local/lib/python3.10/dist-packages (from pytest) (1.5.0)
Requirement already satisfied: requests>=2.26.0 in /usr/local/lib/python3.10/dist-packages (from docker) (2.32.3)
Requirement already satisfied: urllib3>=1.26.0 in /usr/local/lib/python3.10/dist-packages (from docker) (2.2.2)
Requirement already satisfied: certifi>=2017.4.17 in /usr/local/lib/python3.10/dist-packages (from requests>=2.26.0->docker) (2024.7.4)
Requirement already satisfied: charset-normalizer<4,>=2 in /usr/local/lib/python3.10/dist-packages (from requests>=2.26.0->docker) (3.3.2)
Requirement already satisfied: idna<4,>=2.5 in /usr/local/lib/python3.10/dist-packages (from requests>=2.26.0->docker) (3.7)
Requirement already satisfied: pytest in /usr/local/lib/python3.10/dist-packages (8.3.3)
Requirement already satisfied: docker in /usr/local/lib/python3.10/dist-packages (7.1.0)
Requirement already satisfied: tabulate in /usr/local/lib/python3.10/dist-packages (0.9.0)
Requirement already satisfied: tomli>=1 in /usr/local/lib/python3.10/dist-packages (from pytest) (2.0.2)
Requirement already satisfied: exceptiongroup>=1.0.0rc8 in /usr/local/lib/python3.10/dist-packages (from pytest) (1.2.2)
Requirement already satisfied: iniconfig in /usr/local/lib/python3.10/dist-packages (from pytest) (2.0.0)
Requirement already satisfied: packaging in /usr/local/lib/python3.10/dist-packages (from pytest) (24.1)
Requirement already satisfied: pluggy<2,>=1.5 in /usr/local/lib/python3.10/dist-packages (from pytest) (1.5.0)
Requirement already satisfied: requests>=2.26.0 in /usr/local/lib/python3.10/dist-packages (from docker) (2.32.3)
Requirement already satisfied: urllib3>=1.26.0 in /usr/local/lib/python3.10/dist-packages (from docker) (2.2.2)
Requirement already satisfied: idna<4,>=2.5 in /usr/local/lib/python3.10/dist-packages (from requests>=2.26.0->docker) (3.7)
Requirement already satisfied: certifi>=2017.4.17 in /usr/local/lib/python3.10/dist-packages (from requests>=2.26.0->docker) (2024.7.4)
Requirement already satisfied: charset-normalizer<4,>=2 in /usr/local/lib/python3.10/dist-packages (from requests>=2.26.0->docker) (3.3.2)
Requirement already satisfied: pytest in /usr/local/lib/python3.10/dist-packages (8.3.3)
Requirement already satisfied: docker in /usr/local/lib/python3.10/dist-packages (7.1.0)
Requirement already satisfied: tabulate in /usr/local/lib/python3.10/dist-packages (0.9.0)
Requirement already satisfied: tomli>=1 in /usr/local/lib/python3.10/dist-packages (from pytest) (2.0.2)
Requirement already satisfied: pluggy<2,>=1.5 in /usr/local/lib/python3.10/dist-packages (from pytest) (1.5.0)
Requirement already satisfied: packaging in /usr/local/lib/python3.10/dist-packages (from pytest) (24.1)
Requirement already satisfied: exceptiongroup>=1.0.0rc8 in /usr/local/lib/python3.10/dist-packages (from pytest) (1.2.2)
Requirement already satisfied: iniconfig in /usr/local/lib/python3.10/dist-packages (from pytest) (2.0.0)
Requirement already satisfied: urllib3>=1.26.0 in /usr/local/lib/python3.10/dist-packages (from docker) (2.2.2)
Requirement already satisfied: requests>=2.26.0 in /usr/local/lib/python3.10/dist-packages (from docker) (2.32.3)
Requirement already satisfied: certifi>=2017.4.17 in /usr/local/lib/python3.10/dist-packages (from requests>=2.26.0->docker) (2024.7.4)
Requirement already satisfied: idna<4,>=2.5 in /usr/local/lib/python3.10/dist-packages (from requests>=2.26.0->docker) (3.7)
Requirement already satisfied: charset-normalizer<4,>=2 in /usr/local/lib/python3.10/dist-packages (from requests>=2.26.0->docker) (3.3.2)
Requirement already satisfied: pytest in /usr/local/lib/python3.10/dist-packages (8.3.3)
Requirement already satisfied: docker in /usr/local/lib/python3.10/dist-packages (7.1.0)
Requirement already satisfied: tabulate in /usr/local/lib/python3.10/dist-packages (0.9.0)
Requirement already satisfied: packaging in /usr/local/lib/python3.10/dist-packages (from pytest) (24.1)
Requirement already satisfied: iniconfig in /usr/local/lib/python3.10/dist-packages (from pytest) (2.0.0)
Requirement already satisfied: tomli>=1 in /usr/local/lib/python3.10/dist-packages (from pytest) (2.0.2)
Requirement already satisfied: pluggy<2,>=1.5 in /usr/local/lib/python3.10/dist-packages (from pytest) (1.5.0)
Requirement already satisfied: exceptiongroup>=1.0.0rc8 in /usr/local/lib/python3.10/dist-packages (from pytest) (1.2.2)
Requirement already satisfied: requests>=2.26.0 in /usr/local/lib/python3.10/dist-packages (from docker) (2.32.3)
Requirement already satisfied: urllib3>=1.26.0 in /usr/local/lib/python3.10/dist-packages (from docker) (2.2.2)
Requirement already satisfied: certifi>=2017.4.17 in /usr/local/lib/python3.10/dist-packages (from requests>=2.26.0->docker) (2024.7.4)
Requirement already satisfied: charset-normalizer<4,>=2 in /usr/local/lib/python3.10/dist-packages (from requests>=2.26.0->docker) (3.3.2)
Requirement already satisfied: idna<4,>=2.5 in /usr/local/lib/python3.10/dist-packages (from requests>=2.26.0->docker) (3.7)
Requirement already satisfied: pytest in /usr/local/lib/python3.10/dist-packages (8.3.3)
Requirement already satisfied: docker in /usr/local/lib/python3.10/dist-packages (7.1.0)
Requirement already satisfied: tabulate in /usr/local/lib/python3.10/dist-packages (0.9.0)
Requirement already satisfied: tomli>=1 in /usr/local/lib/python3.10/dist-packages (from pytest) (2.0.2)
Requirement already satisfied: exceptiongroup>=1.0.0rc8 in /usr/local/lib/python3.10/dist-packages (from pytest) (1.2.2)
Requirement already satisfied: pluggy<2,>=1.5 in /usr/local/lib/python3.10/dist-packages (from pytest) (1.5.0)
Requirement already satisfied: packaging in /usr/local/lib/python3.10/dist-packages (from pytest) (24.1)
Requirement already satisfied: iniconfig in /usr/local/lib/python3.10/dist-packages (from pytest) (2.0.0)
Requirement already satisfied: urllib3>=1.26.0 in /usr/local/lib/python3.10/dist-packages (from docker) (2.2.2)
Requirement already satisfied: requests>=2.26.0 in /usr/local/lib/python3.10/dist-packages (from docker) (2.32.3)
Requirement already satisfied: idna<4,>=2.5 in /usr/local/lib/python3.10/dist-packages (from requests>=2.26.0->docker) (3.7)
Requirement already satisfied: charset-normalizer<4,>=2 in /usr/local/lib/python3.10/dist-packages (from requests>=2.26.0->docker) (3.3.2)
Requirement already satisfied: certifi>=2017.4.17 in /usr/local/lib/python3.10/dist-packages (from requests>=2.26.0->docker) (2024.7.4)
Requirement already satisfied: pytest in /usr/local/lib/python3.10/dist-packages (8.3.3)
Requirement already satisfied: docker in /usr/local/lib/python3.10/dist-packages (7.1.0)
Requirement already satisfied: tabulate in /usr/local/lib/python3.10/dist-packages (0.9.0)
Requirement already satisfied: iniconfig in /usr/local/lib/python3.10/dist-packages (from pytest) (2.0.0)
Requirement already satisfied: exceptiongroup>=1.0.0rc8 in /usr/local/lib/python3.10/dist-packages (from pytest) (1.2.2)
Requirement already satisfied: pluggy<2,>=1.5 in /usr/local/lib/python3.10/dist-packages (from pytest) (1.5.0)
Requirement already satisfied: packaging in /usr/local/lib/python3.10/dist-packages (from pytest) (24.1)
Requirement already satisfied: tomli>=1 in /usr/local/lib/python3.10/dist-packages (from pytest) (2.0.2)
Requirement already satisfied: urllib3>=1.26.0 in /usr/local/lib/python3.10/dist-packages (from docker) (2.2.2)
Requirement already satisfied: requests>=2.26.0 in /usr/local/lib/python3.10/dist-packages (from docker) (2.32.3)
Requirement already satisfied: charset-normalizer<4,>=2 in /usr/local/lib/python3.10/dist-packages (from requests>=2.26.0->docker) (3.3.2)
Requirement already satisfied: idna<4,>=2.5 in /usr/local/lib/python3.10/dist-packages (from requests>=2.26.0->docker) (3.7)
Requirement already satisfied: certifi>=2017.4.17 in /usr/local/lib/python3.10/dist-packages (from requests>=2.26.0->docker) (2024.7.4)
Requirement already satisfied: pytest in /usr/local/lib/python3.10/dist-packages (8.3.3)
Requirement already satisfied: docker in /usr/local/lib/python3.10/dist-packages (7.1.0)
Requirement already satisfied: tabulate in /usr/local/lib/python3.10/dist-packages (0.9.0)
Requirement already satisfied: tomli>=1 in /usr/local/lib/python3.10/dist-packages (from pytest) (2.0.2)
Requirement already satisfied: iniconfig in /usr/local/lib/python3.10/dist-packages (from pytest) (2.0.0)
Requirement already satisfied: exceptiongroup>=1.0.0rc8 in /usr/local/lib/python3.10/dist-packages (from pytest) (1.2.2)
Requirement already satisfied: pluggy<2,>=1.5 in /usr/local/lib/python3.10/dist-packages (from pytest) (1.5.0)
Requirement already satisfied: packaging in /usr/local/lib/python3.10/dist-packages (from pytest) (24.1)
Requirement already satisfied: requests>=2.26.0 in /usr/local/lib/python3.10/dist-packages (from docker) (2.32.3)
Requirement already satisfied: urllib3>=1.26.0 in /usr/local/lib/python3.10/dist-packages (from docker) (2.2.2)
Requirement already satisfied: charset-normalizer<4,>=2 in /usr/local/lib/python3.10/dist-packages (from requests>=2.26.0->docker) (3.3.2)
Requirement already satisfied: certifi>=2017.4.17 in /usr/local/lib/python3.10/dist-packages (from requests>=2.26.0->docker) (2024.7.4)
Requirement already satisfied: idna<4,>=2.5 in /usr/local/lib/python3.10/dist-packages (from requests>=2.26.0->docker) (3.7)
Requirement already satisfied: pytest in /usr/local/lib/python3.10/dist-packages (8.3.3)
Requirement already satisfied: docker in /usr/local/lib/python3.10/dist-packages (7.1.0)
Requirement already satisfied: tabulate in /usr/local/lib/python3.10/dist-packages (0.9.0)
Requirement already satisfied: tomli>=1 in /usr/local/lib/python3.10/dist-packages (from pytest) (2.0.2)
Requirement already satisfied: pluggy<2,>=1.5 in /usr/local/lib/python3.10/dist-packages (from pytest) (1.5.0)
Requirement already satisfied: packaging in /usr/local/lib/python3.10/dist-packages (from pytest) (24.1)
Requirement already satisfied: exceptiongroup>=1.0.0rc8 in /usr/local/lib/python3.10/dist-packages (from pytest) (1.2.2)
Requirement already satisfied: iniconfig in /usr/local/lib/python3.10/dist-packages (from pytest) (2.0.0)
Requirement already satisfied: urllib3>=1.26.0 in /usr/local/lib/python3.10/dist-packages (from docker) (2.2.2)
Requirement already satisfied: requests>=2.26.0 in /usr/local/lib/python3.10/dist-packages (from docker) (2.32.3)
Requirement already satisfied: certifi>=2017.4.17 in /usr/local/lib/python3.10/dist-packages (from requests>=2.26.0->docker) (2024.7.4)
Requirement already satisfied: idna<4,>=2.5 in /usr/local/lib/python3.10/dist-packages (from requests>=2.26.0->docker) (3.7)
Requirement already satisfied: charset-normalizer<4,>=2 in /usr/local/lib/python3.10/dist-packages (from requests>=2.26.0->docker) (3.3.2)
Requirement already satisfied: pytest in /usr/local/lib/python3.10/dist-packages (8.3.3)
Requirement already satisfied: docker in /usr/local/lib/python3.10/dist-packages (7.1.0)
Requirement already satisfied: tabulate in /usr/local/lib/python3.10/dist-packages (0.9.0)
Requirement already satisfied: tomli>=1 in /usr/local/lib/python3.10/dist-packages (from pytest) (2.0.2)
Requirement already satisfied: pluggy<2,>=1.5 in /usr/local/lib/python3.10/dist-packages (from pytest) (1.5.0)
Requirement already satisfied: packaging in /usr/local/lib/python3.10/dist-packages (from pytest) (24.1)
Requirement already satisfied: exceptiongroup>=1.0.0rc8 in /usr/local/lib/python3.10/dist-packages (from pytest) (1.2.2)
Requirement already satisfied: iniconfig in /usr/local/lib/python3.10/dist-packages (from pytest) (2.0.0)
Requirement already satisfied: requests>=2.26.0 in /usr/local/lib/python3.10/dist-packages (from docker) (2.32.3)
Requirement already satisfied: urllib3>=1.26.0 in /usr/local/lib/python3.10/dist-packages (from docker) (2.2.2)
Requirement already satisfied: certifi>=2017.4.17 in /usr/local/lib/python3.10/dist-packages (from requests>=2.26.0->docker) (2024.7.4)
Requirement already satisfied: charset-normalizer<4,>=2 in /usr/local/lib/python3.10/dist-packages (from requests>=2.26.0->docker) (3.3.2)
Requirement already satisfied: idna<4,>=2.5 in /usr/local/lib/python3.10/dist-packages (from requests>=2.26.0->docker) (3.7)
Requirement already satisfied: pytest in /usr/local/lib/python3.10/dist-packages (8.3.3)
Requirement already satisfied: docker in /usr/local/lib/python3.10/dist-packages (7.1.0)
Requirement already satisfied: tabulate in /usr/local/lib/python3.10/dist-packages (0.9.0)
Requirement already satisfied: iniconfig in /usr/local/lib/python3.10/dist-packages (from pytest) (2.0.0)
Requirement already satisfied: pluggy<2,>=1.5 in /usr/local/lib/python3.10/dist-packages (from pytest) (1.5.0)
Requirement already satisfied: packaging in /usr/local/lib/python3.10/dist-packages (from pytest) (24.1)
Requirement already satisfied: tomli>=1 in /usr/local/lib/python3.10/dist-packages (from pytest) (2.0.2)
Requirement already satisfied: exceptiongroup>=1.0.0rc8 in /usr/local/lib/python3.10/dist-packages (from pytest) (1.2.2)
Requirement already satisfied: urllib3>=1.26.0 in /usr/local/lib/python3.10/dist-packages (from docker) (2.2.2)
Requirement already satisfied: requests>=2.26.0 in /usr/local/lib/python3.10/dist-packages (from docker) (2.32.3)
Requirement already satisfied: certifi>=2017.4.17 in /usr/local/lib/python3.10/dist-packages (from requests>=2.26.0->docker) (2024.7.4)
Requirement already satisfied: charset-normalizer<4,>=2 in /usr/local/lib/python3.10/dist-packages (from requests>=2.26.0->docker) (3.3.2)
Requirement already satisfied: idna<4,>=2.5 in /usr/local/lib/python3.10/dist-packages (from requests>=2.26.0->docker) (3.7)
Requirement already satisfied: pytest in /usr/local/lib/python3.10/dist-packages (8.3.3)
Requirement already satisfied: docker in /usr/local/lib/python3.10/dist-packages (7.1.0)
Requirement already satisfied: tabulate in /usr/local/lib/python3.10/dist-packages (0.9.0)
Requirement already satisfied: tomli>=1 in /usr/local/lib/python3.10/dist-packages (from pytest) (2.0.2)
Requirement already satisfied: exceptiongroup>=1.0.0rc8 in /usr/local/lib/python3.10/dist-packages (from pytest) (1.2.2)
Requirement already satisfied: pluggy<2,>=1.5 in /usr/local/lib/python3.10/dist-packages (from pytest) (1.5.0)
Requirement already satisfied: packaging in /usr/local/lib/python3.10/dist-packages (from pytest) (24.1)
Requirement already satisfied: iniconfig in /usr/local/lib/python3.10/dist-packages (from pytest) (2.0.0)
Requirement already satisfied: urllib3>=1.26.0 in /usr/local/lib/python3.10/dist-packages (from docker) (2.2.2)
Requirement already satisfied: requests>=2.26.0 in /usr/local/lib/python3.10/dist-packages (from docker) (2.32.3)
Requirement already satisfied: certifi>=2017.4.17 in /usr/local/lib/python3.10/dist-packages (from requests>=2.26.0->docker) (2024.7.4)
Requirement already satisfied: charset-normalizer<4,>=2 in /usr/local/lib/python3.10/dist-packages (from requests>=2.26.0->docker) (3.3.2)
Requirement already satisfied: idna<4,>=2.5 in /usr/local/lib/python3.10/dist-packages (from requests>=2.26.0->docker) (3.7)
