INFO:root:Docker Images found:
INFO:root:+-----------------------------------------+--------------+
|               Image Name                | Size (bytes) |
+-----------------------------------------+--------------+
| devopscookbook-linuxfundamentals:latest |   12157029   |
|              mysql:latest               |  601728779   |
|              redis:latest               |  116976011   |
|              nginx:latest               |  191670474   |
|             python:3.8-slim             |  124726021   |
|              alpine:latest              |   7797760    |
+-----------------------------------------+--------------+
INFO:root:Docker Images found:
INFO:root:+-----------------------------------------+--------------+
|               Image Name                | Size (bytes) |
+-----------------------------------------+--------------+
| devopscookbook-linuxfundamentals:latest |   12157029   |
|              mysql:latest               |  601728779   |
|              redis:latest               |  116976011   |
|              nginx:latest               |  191670474   |
|             python:3.8-slim             |  124726021   |
|              alpine:latest              |   7797760    |
+-----------------------------------------+--------------+
INFO:root:Docker Images found:
INFO:root:+-----------------------------------------+--------------+
|               Image Name                | Size (bytes) |
+-----------------------------------------+--------------+
| devopscookbook-linuxfundamentals:latest |   12157029   |
|              mysql:latest               |  601728779   |
|              redis:latest               |  116976011   |
|              nginx:latest               |  191670474   |
|             python:3.8-slim             |  124726021   |
|              alpine:latest              |   7797760    |
+-----------------------------------------+--------------+
INFO:root:Docker Images found:
INFO:root:+-----------------------------------------+--------------+
|               Image Name                | Size (bytes) |
+-----------------------------------------+--------------+
| devopscookbook-linuxfundamentals:latest |   12157029   |
|              mysql:latest               |  601728779   |
|              redis:latest               |  116976011   |
|              nginx:latest               |  191670474   |
|             python:3.8-slim             |  124726021   |
|              alpine:latest              |   7797760    |
+-----------------------------------------+--------------+
INFO:root:Docker Images found:
INFO:root:+-----------------------------------------+--------------+
|               Image Name                | Size (bytes) |
+-----------------------------------------+--------------+
| devopscookbook-linuxfundamentals:latest |   12157029   |
|              mysql:latest               |  601728779   |
|              redis:latest               |  116976011   |
|              nginx:latest               |  191670474   |
|             python:3.8-slim             |  124726021   |
|              alpine:latest              |   7797760    |
+-----------------------------------------+--------------+
INFO:root:Docker Images found:
INFO:root:+-----------------------------------------+--------------+
|               Image Name                | Size (bytes) |
+-----------------------------------------+--------------+
| devopscookbook-linuxfundamentals:latest |   12157029   |
|              mysql:latest               |  601728779   |
|              redis:latest               |  116976011   |
|              nginx:latest               |  191670474   |
|             python:3.8-slim             |  124726021   |
|              alpine:latest              |   7797760    |
+-----------------------------------------+--------------+
INFO:root:Docker Images found:
INFO:root:+-----------------------------------------+--------------+
|               Image Name                | Size (bytes) |
+-----------------------------------------+--------------+
| devopscookbook-linuxfundamentals:latest |   12157029   |
|              mysql:latest               |  601728779   |
|              redis:latest               |  116976011   |
|              nginx:latest               |  191670474   |
|             python:3.8-slim             |  124726021   |
|              alpine:latest              |   7797760    |
+-----------------------------------------+--------------+
INFO:root:Docker Images found:
INFO:root:+-----------------------------------------+--------------+
|               Image Name                | Size (bytes) |
+-----------------------------------------+--------------+
| devopscookbook-linuxfundamentals:latest |   12157029   |
|              mysql:latest               |  601728779   |
|              redis:latest               |  116976011   |
|              nginx:latest               |  191670474   |
|             python:3.8-slim             |  124726021   |
|              alpine:latest              |   7797760    |
+-----------------------------------------+--------------+
INFO:root:Docker Images found:
INFO:root:+-----------------------------------------+--------------+
|               Image Name                | Size (bytes) |
+-----------------------------------------+--------------+
| devopscookbook-linuxfundamentals:latest |   12157029   |
|              mysql:latest               |  601728779   |
|              redis:latest               |  116976011   |
|              nginx:latest               |  191670474   |
|             python:3.8-slim             |  124726021   |
|              alpine:latest              |   7797760    |
+-----------------------------------------+--------------+
